app/build/outputs/logs/manifest-merger-full-debug-report.txt
-- Merging decision tree log ---
application
INJECTED from src/main/AndroidManifest.xml:27:5-156:19
MERGED from [com.crashlytics.sdk.android:crashlytics:2.6.7] AndroidManifest.xml:11:5-20
MERGED from [com.crashlytics.sdk.android:crashlytics:2.6.7] AndroidManifest.xml:11:5-20
MERGED from [com.crashlytics.sdk.android:crashlytics-core:2.3.16] AndroidManifest.xml:54:5-20
MERGED from [com.crashlytics.sdk.android:crashlytics-core:2.3.16] AndroidManifest.xml:54:5-20
MERGED from [com.crashlytics.sdk.android:answers:1.3.12] AndroidManifest.xml:11:5-20
MERGED from [com.crashlytics.sdk.android:answers:1.3.12] AndroidManifest.xml:11:5-20
MERGED from [com.wdullaer:materialdatetimepicker:2.3.0] AndroidManifest.xml:28:5-20
MERGED from [com.wdullaer:materialdatetimepicker:2.3.0] AndroidManifest.xml:28:5-20
MERGED from [com.jjoe64:graphview:4.0.1] AndroidManifest.xml:11:5-12:19
MERGED from [com.jjoe64:graphview:4.0.1] AndroidManifest.xml:11:5-12:19
MERGED from [com.google.android.gms:play-services-wearable:7.5.0] AndroidManifest.xml:19:5-20
MERGED from [com.google.android.gms:play-services-wearable:7.5.0] AndroidManifest.xml:19:5-20
MERGED from [com.google.android.gms:play-services-base:7.5.0] AndroidManifest.xml:20:5-24:19
MERGED from [com.google.android.gms:play-services-base:7.5.0] AndroidManifest.xml:20:5-24:19
MERGED from [com.crashlytics.sdk.android:beta:1.2.4] AndroidManifest.xml:11:5-20
MERGED from [com.crashlytics.sdk.android:beta:1.2.4] AndroidManifest.xml:11:5-20
MERGED from [io.fabric.sdk.android:fabric:1.3.16] AndroidManifest.xml:31:5-20
MERGED from [io.fabric.sdk.android:fabric:1.3.16] AndroidManifest.xml:31:5-20
	android:supportsRtl
		ADDED from src/main/AndroidManifest.xml:32:9-35
	android:label
		ADDED from src/main/AndroidManifest.xml:31:9-41
	android:allowBackup
		ADDED from src/main/AndroidManifest.xml:29:9-35
	android:icon
		INJECTED from src/main/AndroidManifest.xml
		ADDED from src/main/AndroidManifest.xml:30:9-34
	android:theme
		ADDED from src/main/AndroidManifest.xml:33:9-40
	android:name
		ADDED from src/main/AndroidManifest.xml:28:9-32
manifest
ADDED from src/main/AndroidManifest.xml:2:1-158:12
INJECTED from src/main/AndroidManifest.xml:2:1-158:12
INJECTED from src/main/AndroidManifest.xml:2:1-158:12
INJECTED from src/main/AndroidManifest.xml:2:1-158:12
MERGED from [com.jakewharton:butterknife:8.8.1] AndroidManifest.xml:2:1-7:12
MERGED from [:ruffyscripter] AndroidManifest.xml:2:1-14:12
MERGED from [com.crashlytics.sdk.android:crashlytics:2.6.7] AndroidManifest.xml:2:1-13:12
MERGED from [com.crashlytics.sdk.android:crashlytics-core:2.3.16] AndroidManifest.xml:45:1-56:12
MERGED from [com.crashlytics.sdk.android:answers:1.3.12] AndroidManifest.xml:2:1-13:12
MERGED from [:ruffy-spi] AndroidManifest.xml:2:1-11:12
MERGED from [com.android.support:design:27.0.2] AndroidManifest.xml:17:1-22:12
MERGED from [com.android.support:appcompat-v7:27.0.2] AndroidManifest.xml:17:1-22:12
MERGED from [com.wdullaer:materialdatetimepicker:2.3.0] AndroidManifest.xml:17:1-30:12
MERGED from [com.jjoe64:graphview:4.0.1] AndroidManifest.xml:2:1-14:12
MERGED from [com.joanzapata.iconify:android-iconify-fontawesome:2.1.1] AndroidManifest.xml:2:1-8:12
MERGED from [com.joanzapata.iconify:android-iconify:2.1.1] AndroidManifest.xml:2:1-8:12
MERGED from [com.google.android.gms:play-services-wearable:7.5.0] AndroidManifest.xml:16:1-20:12
MERGED from [com.google.android.gms:play-services-base:7.5.0] AndroidManifest.xml:16:1-26:12
MERGED from [com.android.support:support-v4:27.0.2] AndroidManifest.xml:17:1-22:12
MERGED from [com.android.support:cardview-v7:27.0.2] AndroidManifest.xml:17:1-22:12
MERGED from [com.android.support:recyclerview-v7:27.0.2] AndroidManifest.xml:17:1-22:12
MERGED from [com.android.support:gridlayout-v7:27.0.2] AndroidManifest.xml:17:1-22:12
MERGED from [com.android.support:percent:27.0.2] AndroidManifest.xml:17:1-22:12
MERGED from [:android-edittext-validator-v1.3.4-mod:] AndroidManifest.xml:2:1-11:12
MERGED from [com.google.android:flexbox:0.3.0] AndroidManifest.xml:17:1-27:12
MERGED from [net.danlew:android.joda:2.9.9.1] AndroidManifest.xml:2:1-8:12
MERGED from [com.android.support:support-fragment:27.0.2] AndroidManifest.xml:17:1-22:12
MERGED from [com.android.support:animated-vector-drawable:27.0.2] AndroidManifest.xml:17:1-22:12
MERGED from [com.android.support:support-core-ui:27.0.2] AndroidManifest.xml:17:1-22:12
MERGED from [com.android.support:transition:27.0.2] AndroidManifest.xml:17:1-22:12
MERGED from [com.android.support:support-core-utils:27.0.2] AndroidManifest.xml:17:1-22:12
MERGED from [com.android.support:support-vector-drawable:27.0.2] AndroidManifest.xml:17:1-22:12
MERGED from [com.android.support:support-media-compat:27.0.2] AndroidManifest.xml:17:1-22:12
MERGED from [com.android.support:support-compat:27.0.2] AndroidManifest.xml:17:1-22:12
MERGED from [com.crashlytics.sdk.android:beta:1.2.4] AndroidManifest.xml:2:1-13:12
MERGED from [io.fabric.sdk.android:fabric:1.3.16] AndroidManifest.xml:22:1-33:12
MERGED from [android.arch.lifecycle:runtime:1.0.3] AndroidManifest.xml:17:1-24:12
INJECTED from src/main/AndroidManifest.xml:2:1-158:12
INJECTED from src/main/AndroidManifest.xml:2:1-158:12
INJECTED from src/main/AndroidManifest.xml:2:1-158:12
	package
		ADDED from src/main/AndroidManifest.xml:3:5-41
		INJECTED from src/main/AndroidManifest.xml
		INJECTED from src/main/AndroidManifest.xml
	android:versionName
		INJECTED from src/main/AndroidManifest.xml
		ADDED from src/main/AndroidManifest.xml:2:1-158:12
		INJECTED from src/main/AndroidManifest.xml
	android:versionCode
		INJECTED from src/main/AndroidManifest.xml
		ADDED from src/main/AndroidManifest.xml:2:1-158:12
		INJECTED from src/main/AndroidManifest.xml
	xmlns:android
		ADDED from src/main/AndroidManifest.xml:2:11-69
uses-permission#android.permission.RECEIVE_BOOT_COMPLETED
ADDED from src/main/AndroidManifest.xml:5:5-81
	android:name
		ADDED from src/main/AndroidManifest.xml:5:22-78
uses-permission#android.permission.BLUETOOTH
ADDED from src/main/AndroidManifest.xml:6:5-68
MERGED from [:ruffyscripter] AndroidManifest.xml:11:5-68
MERGED from [:ruffyscripter] AndroidManifest.xml:11:5-68
	android:name
		ADDED from src/main/AndroidManifest.xml:6:22-65
uses-permission#android.permission.BLUETOOTH_ADMIN
ADDED from src/main/AndroidManifest.xml:7:5-74
MERGED from [:ruffyscripter] AndroidManifest.xml:12:5-74
MERGED from [:ruffyscripter] AndroidManifest.xml:12:5-74
	android:name
		ADDED from src/main/AndroidManifest.xml:7:22-71
uses-permission#android.permission.SYSTEM_ALERT_WINDOW
ADDED from src/main/AndroidManifest.xml:8:5-78
	android:name
		ADDED from src/main/AndroidManifest.xml:8:22-75
uses-permission#android.permission.WRITE_EXTERNAL_STORAGE
ADDED from src/main/AndroidManifest.xml:9:5-81
	android:name
		ADDED from src/main/AndroidManifest.xml:9:22-78
uses-permission#android.permission.READ_EXTERNAL_STORAGE
ADDED from src/main/AndroidManifest.xml:10:5-80
	android:name
		ADDED from src/main/AndroidManifest.xml:10:22-77
uses-permission#android.permission.WAKE_LOCK
ADDED from src/main/AndroidManifest.xml:11:5-68
	android:name
		ADDED from src/main/AndroidManifest.xml:11:22-65
uses-permission#android.permission.RECEIVE_SMS
ADDED from src/main/AndroidManifest.xml:12:5-70
	android:name
		ADDED from src/main/AndroidManifest.xml:12:22-67
uses-permission#android.permission.RECEIVE_MMS
ADDED from src/main/AndroidManifest.xml:13:5-70
	android:name
		ADDED from src/main/AndroidManifest.xml:13:22-67
uses-permission#android.permission.SEND_SMS
ADDED from src/main/AndroidManifest.xml:14:5-67
	android:name
		ADDED from src/main/AndroidManifest.xml:14:22-64
uses-permission#android.permission.SEND_MMS
ADDED from src/main/AndroidManifest.xml:15:5-67
	android:name
		ADDED from src/main/AndroidManifest.xml:15:22-64
uses-permission#android.permission.VIBRATE
ADDED from src/main/AndroidManifest.xml:16:5-66
MERGED from [com.wdullaer:materialdatetimepicker:2.3.0] AndroidManifest.xml:26:5-66
MERGED from [com.wdullaer:materialdatetimepicker:2.3.0] AndroidManifest.xml:26:5-66
	android:name
		ADDED from src/main/AndroidManifest.xml:16:22-63
uses-permission#android.permission.INTERNET
ADDED from src/main/AndroidManifest.xml:17:5-67
MERGED from [com.crashlytics.sdk.android:crashlytics:2.6.7] AndroidManifest.xml:9:5-67
MERGED from [com.crashlytics.sdk.android:crashlytics:2.6.7] AndroidManifest.xml:9:5-67
MERGED from [com.crashlytics.sdk.android:crashlytics-core:2.3.16] AndroidManifest.xml:52:5-67
MERGED from [com.crashlytics.sdk.android:crashlytics-core:2.3.16] AndroidManifest.xml:52:5-67
MERGED from [com.crashlytics.sdk.android:answers:1.3.12] AndroidManifest.xml:9:5-67
MERGED from [com.crashlytics.sdk.android:answers:1.3.12] AndroidManifest.xml:9:5-67
MERGED from [com.crashlytics.sdk.android:beta:1.2.4] AndroidManifest.xml:9:5-67
MERGED from [com.crashlytics.sdk.android:beta:1.2.4] AndroidManifest.xml:9:5-67
MERGED from [io.fabric.sdk.android:fabric:1.3.16] AndroidManifest.xml:29:5-67
MERGED from [io.fabric.sdk.android:fabric:1.3.16] AndroidManifest.xml:29:5-67
	android:name
		ADDED from src/main/AndroidManifest.xml:17:22-64
uses-permission#android.permission.ACCESS_NETWORK_STATE
ADDED from src/main/AndroidManifest.xml:18:5-79
	android:name
		ADDED from src/main/AndroidManifest.xml:18:22-76
uses-permission#com.google.android.permission.PROVIDE_BACKGROUND
ADDED from src/main/AndroidManifest.xml:19:5-88
	android:name
		ADDED from src/main/AndroidManifest.xml:19:22-85
uses-permission#android.permission.ACCESS_FINE_LOCATION
ADDED from src/main/AndroidManifest.xml:20:5-79
	android:name
		ADDED from src/main/AndroidManifest.xml:20:22-76
uses-permission-sdk-23#android.permission.REQUEST_IGNORE_BATTERY_OPTIMIZATIONS
ADDED from src/main/AndroidManifest.xml:22:5-102
	android:name
		ADDED from src/main/AndroidManifest.xml:22:29-99
uses-permission#com.eveningoutpost.dexdrip.permissions.RECEIVE_BG_ESTIMATE
ADDED from src/main/AndroidManifest.xml:25:5-98
	android:name
		ADDED from src/main/AndroidManifest.xml:25:22-95
uses-sdk
INJECTED from src/main/AndroidManifest.xml reason: use-sdk injection requested
INJECTED from src/main/AndroidManifest.xml
INJECTED from src/main/AndroidManifest.xml
MERGED from [com.jakewharton:butterknife:8.8.1] AndroidManifest.xml:5:5-43
MERGED from [com.jakewharton:butterknife:8.8.1] AndroidManifest.xml:5:5-43
MERGED from [:ruffyscripter] AndroidManifest.xml:7:5-9:41
MERGED from [:ruffyscripter] AndroidManifest.xml:7:5-9:41
MERGED from [com.crashlytics.sdk.android:crashlytics:2.6.7] AndroidManifest.xml:7:5-43
MERGED from [com.crashlytics.sdk.android:crashlytics:2.6.7] AndroidManifest.xml:7:5-43
MERGED from [com.crashlytics.sdk.android:crashlytics-core:2.3.16] AndroidManifest.xml:50:5-43
MERGED from [com.crashlytics.sdk.android:crashlytics-core:2.3.16] AndroidManifest.xml:50:5-43
MERGED from [com.crashlytics.sdk.android:answers:1.3.12] AndroidManifest.xml:7:5-43
MERGED from [com.crashlytics.sdk.android:answers:1.3.12] AndroidManifest.xml:7:5-43
MERGED from [:ruffy-spi] AndroidManifest.xml:7:5-9:41
MERGED from [:ruffy-spi] AndroidManifest.xml:7:5-9:41
MERGED from [com.android.support:design:27.0.2] AndroidManifest.xml:20:5-44
MERGED from [com.android.support:design:27.0.2] AndroidManifest.xml:20:5-44
MERGED from [com.android.support:appcompat-v7:27.0.2] AndroidManifest.xml:20:5-44
MERGED from [com.android.support:appcompat-v7:27.0.2] AndroidManifest.xml:20:5-44
MERGED from [com.wdullaer:materialdatetimepicker:2.3.0] AndroidManifest.xml:22:5-24:41
MERGED from [com.wdullaer:materialdatetimepicker:2.3.0] AndroidManifest.xml:22:5-24:41
MERGED from [com.jjoe64:graphview:4.0.1] AndroidManifest.xml:7:5-9:41
MERGED from [com.jjoe64:graphview:4.0.1] AndroidManifest.xml:7:5-9:41
MERGED from [com.joanzapata.iconify:android-iconify-fontawesome:2.1.1] AndroidManifest.xml:6:5-43
MERGED from [com.joanzapata.iconify:android-iconify-fontawesome:2.1.1] AndroidManifest.xml:6:5-43
MERGED from [com.joanzapata.iconify:android-iconify:2.1.1] AndroidManifest.xml:6:5-43
MERGED from [com.joanzapata.iconify:android-iconify:2.1.1] AndroidManifest.xml:6:5-43
MERGED from [com.google.android.gms:play-services-wearable:7.5.0] AndroidManifest.xml:18:5-42
MERGED from [com.google.android.gms:play-services-wearable:7.5.0] AndroidManifest.xml:18:5-42
MERGED from [com.google.android.gms:play-services-base:7.5.0] AndroidManifest.xml:18:5-42
MERGED from [com.google.android.gms:play-services-base:7.5.0] AndroidManifest.xml:18:5-42
MERGED from [com.android.support:support-v4:27.0.2] AndroidManifest.xml:20:5-44
MERGED from [com.android.support:support-v4:27.0.2] AndroidManifest.xml:20:5-44
MERGED from [com.android.support:cardview-v7:27.0.2] AndroidManifest.xml:20:5-44
MERGED from [com.android.support:cardview-v7:27.0.2] AndroidManifest.xml:20:5-44
MERGED from [com.android.support:recyclerview-v7:27.0.2] AndroidManifest.xml:20:5-44
MERGED from [com.android.support:recyclerview-v7:27.0.2] AndroidManifest.xml:20:5-44
MERGED from [com.android.support:gridlayout-v7:27.0.2] AndroidManifest.xml:20:5-44
MERGED from [com.android.support:gridlayout-v7:27.0.2] AndroidManifest.xml:20:5-44
MERGED from [com.android.support:percent:27.0.2] AndroidManifest.xml:20:5-44
MERGED from [com.android.support:percent:27.0.2] AndroidManifest.xml:20:5-44
MERGED from [:android-edittext-validator-v1.3.4-mod:] AndroidManifest.xml:7:5-9:41
MERGED from [:android-edittext-validator-v1.3.4-mod:] AndroidManifest.xml:7:5-9:41
MERGED from [com.google.android:flexbox:0.3.0] AndroidManifest.xml:23:5-25:41
MERGED from [com.google.android:flexbox:0.3.0] AndroidManifest.xml:23:5-25:41
MERGED from [net.danlew:android.joda:2.9.9.1] AndroidManifest.xml:6:5-43
MERGED from [net.danlew:android.joda:2.9.9.1] AndroidManifest.xml:6:5-43
MERGED from [com.android.support:support-fragment:27.0.2] AndroidManifest.xml:20:5-44
MERGED from [com.android.support:support-fragment:27.0.2] AndroidManifest.xml:20:5-44
MERGED from [com.android.support:animated-vector-drawable:27.0.2] AndroidManifest.xml:20:5-44
MERGED from [com.android.support:animated-vector-drawable:27.0.2] AndroidManifest.xml:20:5-44
MERGED from [com.android.support:support-core-ui:27.0.2] AndroidManifest.xml:20:5-44
MERGED from [com.android.support:support-core-ui:27.0.2] AndroidManifest.xml:20:5-44
MERGED from [com.android.support:transition:27.0.2] AndroidManifest.xml:20:5-44
MERGED from [com.android.support:transition:27.0.2] AndroidManifest.xml:20:5-44
MERGED from [com.android.support:support-core-utils:27.0.2] AndroidManifest.xml:20:5-44
MERGED from [com.android.support:support-core-utils:27.0.2] AndroidManifest.xml:20:5-44
MERGED from [com.android.support:support-vector-drawable:27.0.2] AndroidManifest.xml:20:5-44
MERGED from [com.android.support:support-vector-drawable:27.0.2] AndroidManifest.xml:20:5-44
MERGED from [com.android.support:support-media-compat:27.0.2] AndroidManifest.xml:20:5-44
MERGED from [com.android.support:support-media-compat:27.0.2] AndroidManifest.xml:20:5-44
MERGED from [com.android.support:support-compat:27.0.2] AndroidManifest.xml:20:5-44
MERGED from [com.android.support:support-compat:27.0.2] AndroidManifest.xml:20:5-44
MERGED from [com.crashlytics.sdk.android:beta:1.2.4] AndroidManifest.xml:7:5-43
MERGED from [com.crashlytics.sdk.android:beta:1.2.4] AndroidManifest.xml:7:5-43
MERGED from [io.fabric.sdk.android:fabric:1.3.16] AndroidManifest.xml:27:5-43
MERGED from [io.fabric.sdk.android:fabric:1.3.16] AndroidManifest.xml:27:5-43
MERGED from [android.arch.lifecycle:runtime:1.0.3] AndroidManifest.xml:20:5-22:41
MERGED from [android.arch.lifecycle:runtime:1.0.3] AndroidManifest.xml:20:5-22:41
INJECTED from src/main/AndroidManifest.xml
INJECTED from src/main/AndroidManifest.xml
	android:targetSdkVersion
		INJECTED from src/main/AndroidManifest.xml
		ADDED from src/main/AndroidManifest.xml
		INJECTED from src/main/AndroidManifest.xml
	android:minSdkVersion
		INJECTED from src/main/AndroidManifest.xml
		ADDED from src/main/AndroidManifest.xml
		INJECTED from src/main/AndroidManifest.xml
activity#info.nightscout.androidaps.MainActivity
ADDED from src/main/AndroidManifest.xml:34:9-40:20
	android:name
		ADDED from src/main/AndroidManifest.xml:34:19-47
intent-filter#android.intent.action.MAIN+android.intent.category.LAUNCHER
ADDED from src/main/AndroidManifest.xml:35:13-39:29
action#android.intent.action.MAIN
ADDED from src/main/AndroidManifest.xml:36:17-69
	android:name
		ADDED from src/main/AndroidManifest.xml:36:25-66
category#android.intent.category.LAUNCHER
ADDED from src/main/AndroidManifest.xml:38:17-77
	android:name
		ADDED from src/main/AndroidManifest.xml:38:27-74
activity#info.nightscout.androidaps.PreferencesActivity
ADDED from src/main/AndroidManifest.xml:41:9-57
	android:name
		ADDED from src/main/AndroidManifest.xml:41:19-54
activity#info.nightscout.androidaps.plugins.Overview.Dialogs.BolusProgressHelperActivity
ADDED from src/main/AndroidManifest.xml:42:9-44:66
	android:theme
		ADDED from src/main/AndroidManifest.xml:44:13-63
	android:name
		ADDED from src/main/AndroidManifest.xml:43:13-81
activity#info.nightscout.androidaps.plugins.Overview.Dialogs.ErrorHelperActivity
ADDED from src/main/AndroidManifest.xml:45:9-47:66
	android:theme
		ADDED from src/main/AndroidManifest.xml:47:13-63
	android:name
		ADDED from src/main/AndroidManifest.xml:46:13-73
activity#info.nightscout.androidaps.AgreementActivity
ADDED from src/main/AndroidManifest.xml:48:9-55
	android:name
		ADDED from src/main/AndroidManifest.xml:48:19-52
activity#info.nightscout.androidaps.plugins.PumpDanaR.activities.DanaRHistoryActivity
ADDED from src/main/AndroidManifest.xml:49:9-87
	android:name
		ADDED from src/main/AndroidManifest.xml:49:19-84
activity#info.nightscout.androidaps.plugins.PumpDanaR.activities.DanaRStatsActivity
ADDED from src/main/AndroidManifest.xml:50:9-85
	android:name
		ADDED from src/main/AndroidManifest.xml:50:19-82
activity#info.nightscout.androidaps.plugins.Overview.activities.QuickWizardListActivity
ADDED from src/main/AndroidManifest.xml:51:9-56:20
	android:name
		ADDED from src/main/AndroidManifest.xml:51:19-86
intent-filter#android.intent.category.DEFAULT+info.nightscout.androidaps.plugins.Overview.activities.QuickWizardListActivity
ADDED from src/main/AndroidManifest.xml:52:13-55:29
action#info.nightscout.androidaps.plugins.Overview.activities.QuickWizardListActivity
ADDED from src/main/AndroidManifest.xml:53:17-121
	android:name
		ADDED from src/main/AndroidManifest.xml:53:25-118
category#android.intent.category.DEFAULT
ADDED from src/main/AndroidManifest.xml:54:17-76
	android:name
		ADDED from src/main/AndroidManifest.xml:54:27-73
activity#info.nightscout.androidaps.plugins.PumpDanaRS.activities.BLEScanActivity
ADDED from src/main/AndroidManifest.xml:57:9-62:20
	android:name
		ADDED from src/main/AndroidManifest.xml:57:19-80
intent-filter#android.intent.category.DEFAULT+info.nightscout.androidaps.plugins.PumpDanaRS.activities.BLEScanActivity
ADDED from src/main/AndroidManifest.xml:58:13-61:29
action#info.nightscout.androidaps.plugins.PumpDanaRS.activities.BLEScanActivity
ADDED from src/main/AndroidManifest.xml:59:17-115
	android:name
		ADDED from src/main/AndroidManifest.xml:59:25-112
activity#info.nightscout.androidaps.plugins.PumpDanaRS.activities.PairingHelperActivity
ADDED from src/main/AndroidManifest.xml:63:9-89
	android:name
		ADDED from src/main/AndroidManifest.xml:63:19-86
receiver#info.nightscout.androidaps.receivers.DataReceiver
ADDED from src/main/AndroidManifest.xml:65:9-81:20
	android:enabled
		ADDED from src/main/AndroidManifest.xml:67:13-35
	android:exported
		ADDED from src/main/AndroidManifest.xml:68:13-36
	android:name
		ADDED from src/main/AndroidManifest.xml:66:13-51
intent-filter#android.provider.Telephony.SMS_RECEIVED+com.dexcom.cgm.DATA+com.eveningoutpost.dexdrip.BgEstimate+com.eveningoutpost.dexdrip.NS_EMULATOR+it.ct.glicemia.ACTION_GLUCOSE_MEASURED
ADDED from src/main/AndroidManifest.xml:69:13-80:29
action#android.provider.Telephony.SMS_RECEIVED
ADDED from src/main/AndroidManifest.xml:71:17-82
	android:name
		ADDED from src/main/AndroidManifest.xml:71:25-79
action#com.eveningoutpost.dexdrip.BgEstimate
ADDED from src/main/AndroidManifest.xml:73:17-80
	android:name
		ADDED from src/main/AndroidManifest.xml:73:25-77
action#com.eveningoutpost.dexdrip.NS_EMULATOR
ADDED from src/main/AndroidManifest.xml:75:17-81
	android:name
		ADDED from src/main/AndroidManifest.xml:75:25-78
action#it.ct.glicemia.ACTION_GLUCOSE_MEASURED
ADDED from src/main/AndroidManifest.xml:77:17-81
	android:name
		ADDED from src/main/AndroidManifest.xml:77:25-78
action#com.dexcom.cgm.DATA
ADDED from src/main/AndroidManifest.xml:79:17-62
	android:name
		ADDED from src/main/AndroidManifest.xml:79:25-59
receiver#info.nightscout.androidaps.receivers.KeepAliveReceiver
ADDED from src/main/AndroidManifest.xml:83:9-65
	android:name
		ADDED from src/main/AndroidManifest.xml:83:19-62
receiver#info.nightscout.androidaps.plugins.NSClientInternal.receivers.AutoStartReceiver
ADDED from src/main/AndroidManifest.xml:86:9-93:20
	android:enabled
		ADDED from src/main/AndroidManifest.xml:88:13-35
	android:exported
		ADDED from src/main/AndroidManifest.xml:89:13-36
	android:name
		ADDED from src/main/AndroidManifest.xml:87:13-81
intent-filter#android.intent.action.BOOT_COMPLETED
ADDED from src/main/AndroidManifest.xml:90:13-92:29
action#android.intent.action.BOOT_COMPLETED
ADDED from src/main/AndroidManifest.xml:91:17-79
	android:name
		ADDED from src/main/AndroidManifest.xml:91:25-76
receiver#info.nightscout.androidaps.plugins.NSClientInternal.receivers.RestartReceiver
ADDED from src/main/AndroidManifest.xml:96:9-103:20
	android:enabled
		ADDED from src/main/AndroidManifest.xml:98:13-35
	android:exported
		ADDED from src/main/AndroidManifest.xml:99:13-36
	android:name
		ADDED from src/main/AndroidManifest.xml:97:13-79
intent-filter#info.nightscout.client.RESTART
ADDED from src/main/AndroidManifest.xml:100:13-102:29
action#info.nightscout.client.RESTART
ADDED from src/main/AndroidManifest.xml:101:17-73
	android:name
		ADDED from src/main/AndroidManifest.xml:101:25-70
receiver#info.nightscout.androidaps.plugins.NSClientInternal.receivers.DBAccessReceiver
ADDED from src/main/AndroidManifest.xml:104:9-111:20
	android:enabled
		ADDED from src/main/AndroidManifest.xml:106:13-35
	android:exported
		ADDED from src/main/AndroidManifest.xml:107:13-36
	android:name
		ADDED from src/main/AndroidManifest.xml:105:13-80
intent-filter#info.nightscout.client.DBACCESS
ADDED from src/main/AndroidManifest.xml:108:13-110:29
action#info.nightscout.client.DBACCESS
ADDED from src/main/AndroidManifest.xml:109:17-74
	android:name
		ADDED from src/main/AndroidManifest.xml:109:25-71
service#info.nightscout.androidaps.Services.DataService
ADDED from src/main/AndroidManifest.xml:114:9-116:40
	android:exported
		ADDED from src/main/AndroidManifest.xml:116:13-37
	android:name
		ADDED from src/main/AndroidManifest.xml:115:13-49
service#info.nightscout.androidaps.plugins.PumpDanaR.services.DanaRExecutionService
ADDED from src/main/AndroidManifest.xml:117:9-120:40
	android:enabled
		ADDED from src/main/AndroidManifest.xml:119:13-35
	android:exported
		ADDED from src/main/AndroidManifest.xml:120:13-37
	android:name
		ADDED from src/main/AndroidManifest.xml:118:13-77
service#info.nightscout.androidaps.plugins.PumpDanaRKorean.services.DanaRKoreanExecutionService
ADDED from src/main/AndroidManifest.xml:121:9-124:40
	android:enabled
		ADDED from src/main/AndroidManifest.xml:123:13-35
	android:exported
		ADDED from src/main/AndroidManifest.xml:124:13-37
	android:name
		ADDED from src/main/AndroidManifest.xml:122:13-89
service#info.nightscout.androidaps.plugins.PumpDanaRv2.services.DanaRv2ExecutionService
ADDED from src/main/AndroidManifest.xml:125:9-128:40
	android:enabled
		ADDED from src/main/AndroidManifest.xml:127:13-35
	android:exported
		ADDED from src/main/AndroidManifest.xml:128:13-37
	android:name
		ADDED from src/main/AndroidManifest.xml:126:13-81
service#info.nightscout.androidaps.plugins.PumpDanaRS.services.DanaRSService
ADDED from src/main/AndroidManifest.xml:129:9-132:47
	android:enabled
		ADDED from src/main/AndroidManifest.xml:131:13-35
	android:exported
		ADDED from src/main/AndroidManifest.xml:132:13-36
	android:name
		ADDED from src/main/AndroidManifest.xml:130:13-70
service#info.nightscout.androidaps.plugins.Wear.wearintegration.WatchUpdaterService
ADDED from src/main/AndroidManifest.xml:133:9-139:19
	android:exported
		ADDED from src/main/AndroidManifest.xml:135:13-36
	android:name
		ADDED from src/main/AndroidManifest.xml:134:13-77
intent-filter#com.google.android.gms.wearable.BIND_LISTENER
ADDED from src/main/AndroidManifest.xml:136:13-138:29
action#com.google.android.gms.wearable.BIND_LISTENER
ADDED from src/main/AndroidManifest.xml:137:17-88
	android:name
		ADDED from src/main/AndroidManifest.xml:137:25-85
service#info.nightscout.androidaps.plugins.NSClientInternal.services.NSClientService
ADDED from src/main/AndroidManifest.xml:140:9-143:39
	android:enabled
		ADDED from src/main/AndroidManifest.xml:142:13-35
	android:exported
		ADDED from src/main/AndroidManifest.xml:143:13-36
	android:name
		ADDED from src/main/AndroidManifest.xml:141:13-78
service#info.nightscout.androidaps.Services.AlarmSoundService
ADDED from src/main/AndroidManifest.xml:144:9-147:39
	android:enabled
		ADDED from src/main/AndroidManifest.xml:146:13-35
	android:exported
		ADDED from src/main/AndroidManifest.xml:147:13-36
	android:name
		ADDED from src/main/AndroidManifest.xml:145:13-55
service#info.nightscout.androidaps.plugins.Overview.notifications.DismissNotificationService
ADDED from src/main/AndroidManifest.xml:148:9-150:48
	android:exported
		ADDED from src/main/AndroidManifest.xml:150:13-37
	android:name
		ADDED from src/main/AndroidManifest.xml:149:13-86
meta-data#io.fabric.ApiKey
ADDED from src/main/AndroidManifest.xml:152:9-154:72
	android:value
		ADDED from src/main/AndroidManifest.xml:154:13-69
	android:name
		ADDED from src/main/AndroidManifest.xml:153:13-44
meta-data#com.google.android.gms.version
ADDED from [com.google.android.gms:play-services-base:7.5.0] AndroidManifest.xml:21:9-23:69
	android:value
		ADDED from [com.google.android.gms:play-services-base:7.5.0] AndroidManifest.xml:23:13-66
	android:name
		ADDED from [com.google.android.gms:play-services-base:7.5.0] AndroidManifest.xml:22:13-58